{"name": "test_case_01", "status": "failed", "statusDetails": {"message": "AssertionError: assert 0", "trace": "@allure.feature('test_module_01')\n    def test_case_01():\n        \"\"\"\n        用例描述：Test case 01\n        \"\"\"\n>       assert 0\nE       assert 0\n\ntest_study.py:10: AssertionError"}, "description": "\n    用例描述：Test case 01\n    ", "start": 1607067724159, "stop": 1607067724160, "uuid": "d784c0d1-385c-4e6d-916b-eca75a9e27c8", "historyId": "f66cf659da10d406f30c4587f1cfb23b", "testCaseId": "439e11264d5be3040e652a69ae25b1bb", "fullName": "test_study#test_case_01", "labels": [{"name": "feature", "value": "test_module_01"}, {"name": "suite", "value": "test_study"}, {"name": "host", "value": "cuicaihongdeMacBook-Pro.local"}, {"name": "thread", "value": "62574-MainThread"}, {"name": "framework", "value": "pytest"}, {"name": "language", "value": "cpython3"}, {"name": "package", "value": "test_study"}]}