{"name": "test_case_01", "status": "failed", "statusDetails": {"message": "AssertionError: assert 0", "trace": "@allure.feature('test_module_01')\n    @allure.story('test_story_01')\n    def test_case_01():\n        \"\"\"\n        用例描述：Test case 01\n        \"\"\"\n>       assert 0\nE       assert 0\n\ntest_study.py:11: AssertionError"}, "description": "\n    用例描述：Test case 01\n    ", "start": 1607068845751, "stop": 1607068845752, "uuid": "f06abaf9-f2ea-486d-9e20-05a1876032c9", "historyId": "f66cf659da10d406f30c4587f1cfb23b", "testCaseId": "439e11264d5be3040e652a69ae25b1bb", "fullName": "test_study#test_case_01", "labels": [{"name": "feature", "value": "test_module_01"}, {"name": "story", "value": "test_story_01"}, {"name": "suite", "value": "test_study"}, {"name": "host", "value": "cuicaihongdeMacBook-Pro.local"}, {"name": "thread", "value": "63248-MainThread"}, {"name": "framework", "value": "pytest"}, {"name": "language", "value": "cpython3"}, {"name": "package", "value": "test_study"}]}